[debug] [2022-01-23T14:17:01.342Z] ----------------------------------------------------------------------
[debug] [2022-01-23T14:17:01.346Z] Command:       C:\Program Files\nodejs\node.exe C:\Users\Saurabh\AppData\Roaming\npm\node_modules\firebase-tools\lib\bin\firebase.js init
[debug] [2022-01-23T14:17:01.347Z] CLI Version:   9.23.0
[debug] [2022-01-23T14:17:01.347Z] Platform:      win32
[debug] [2022-01-23T14:17:01.347Z] Node Version:  v16.13.2
[debug] [2022-01-23T14:17:01.348Z] Time:          Sun Jan 23 2022 19:47:01 GMT+0530 (India Standard Time)
[debug] [2022-01-23T14:17:01.349Z] ----------------------------------------------------------------------
[debug] 
[debug] [2022-01-23T14:17:01.453Z] > command requires scopes: ["email","openid","https://www.googleapis.com/auth/cloudplatformprojects.readonly","https://www.googleapis.com/auth/firebase","https://www.googleapis.com/auth/cloud-platform"]
[debug] [2022-01-23T14:17:01.453Z] > authorizing via signed-in user (src9494@gmail.com)
[info] 
     ######## #### ########  ######## ########     ###     ######  ########
     ##        ##  ##     ## ##       ##     ##  ##   ##  ##       ##
     ######    ##  ########  ######   ########  #########  ######  ######
     ##        ##  ##    ##  ##       ##     ## ##     ##       ## ##
     ##       #### ##     ## ######## ########  ##     ##  ######  ########

You're about to initialize a Firebase project in this directory:

  C:\Users\Saurabh\OneDrive\Desktop\Board Books\board-books

Before we get started, keep in mind:

  * You are initializing within an existing Firebase project directory

